  GaussianFilter.cpp
  Histogram.cpp
  main.cpp
  medianFilter.cpp
D:\Desktop\New folder\Project1-master\medianFilter.cpp(31,26): warning C4244: '=': conversion from 'double' to '_Tp', possible loss of data
          with
          [
              _Tp=uchar
          ]
  Torn_detection.cpp
  USM.cpp
D:\Desktop\New folder\Project1-master\USM.cpp(28,60): warning C4244: '=': conversion from 'float' to '_Tp', possible loss of data
          with
          [
              _Tp=uchar
          ]
  utils.cpp
D:\Desktop\New folder\Project1-master\utils.cpp(39,53): warning C4244: '=': conversion from 'double' to '_Tp', possible loss of data
          with
          [
              _Tp=uchar
          ]
  Generating code
  Previous IPDB not found, fall back to full compilation.
D:\Desktop\New folder\Project1-master\utils.cpp(16): warning C4172: returning address of local variable or temporary: histogram
  All 89 functions were compiled because no usable IPDB/IOBJ from previous compilation was found.
  Finished generating code
  Project1.vcxproj -> D:\Desktop\New folder\Project1-master\x64\Release\Anomaly_Detection.exe
